2010-02-09 08:35:24,304 [1261612259@qtp0-2] ERROR StackTrace  - Sanitizing stacktrace:
org.codehaus.groovy.grails.web.taglib.exceptions.GrailsTagException: Tag [textarea] does not exist. No tag library found for namespace: g
	at org.codehaus.groovy.grails.web.pages.GroovyPage.invokeTag(GroovyPage.java:256)
	at org.codehaus.groovy.grails.web.pages.GroovyPage$invokeTag.callCurrent(Unknown Source)
	at org.codehaus.groovy.runtime.callsite.CallSiteArray.defaultCallCurrent(CallSiteArray.java:44)
	at org.codehaus.groovy.runtime.callsite.AbstractCallSite.callCurrent(AbstractCallSite.java:143)
	at Users_es_dev_code_offentligapi_grails_app_views_api_create_gsp.run(Users_es_dev_code_offentligapi_grails_app_views_api_create_gsp:69)
	at org.codehaus.groovy.grails.web.pages.GroovyPageWritable.writeTo(GroovyPageWritable.java:139)
	at org.codehaus.groovy.grails.web.servlet.view.GroovyPageView.renderWithTemplateEngine(GroovyPageView.java:107)
	at org.codehaus.groovy.grails.web.servlet.view.GroovyPageView.renderMergedOutputModel(GroovyPageView.java:86)
	at org.springframework.web.servlet.view.AbstractView.render(AbstractView.java:257)
	at org.springframework.web.servlet.DispatcherServlet.render(DispatcherServlet.java:1183)
	at org.codehaus.groovy.grails.web.servlet.GrailsDispatcherServlet.doDispatch(GrailsDispatcherServlet.java:294)
	at org.springframework.web.servlet.DispatcherServlet.doService(DispatcherServlet.java:807)
	at org.springframework.web.servlet.FrameworkServlet.processRequest(FrameworkServlet.java:571)
	at org.springframework.web.servlet.FrameworkServlet.doGet(FrameworkServlet.java:501)
	at javax.servlet.http.HttpServlet.service(HttpServlet.java:707)
	at javax.servlet.http.HttpServlet.service(HttpServlet.java:820)
	at org.mortbay.jetty.servlet.ServletHolder.handle(ServletHolder.java:502)
	at org.mortbay.jetty.servlet.ServletHandler$CachedChain.doFilter(ServletHandler.java:1124)
	at org.springframework.web.filter.OncePerRequestFilter.doFilter(OncePerRequestFilter.java:70)
	at org.mortbay.jetty.servlet.ServletHandler$CachedChain.doFilter(ServletHandler.java:1115)
	at org.springframework.web.filter.OncePerRequestFilter.doFilter(OncePerRequestFilter.java:70)
	at org.mortbay.jetty.servlet.ServletHandler$CachedChain.doFilter(ServletHandler.java:1115)
	at org.springframework.web.filter.OncePerRequestFilter.doFilter(OncePerRequestFilter.java:70)
	at org.mortbay.jetty.servlet.ServletHandler$CachedChain.doFilter(ServletHandler.java:1115)
	at org.mortbay.jetty.servlet.ServletHandler.handle(ServletHandler.java:361)
	at org.mortbay.jetty.security.SecurityHandler.handle(SecurityHandler.java:216)
	at org.mortbay.jetty.servlet.SessionHandler.handle(SessionHandler.java:181)
	at org.mortbay.jetty.handler.ContextHandler.handle(ContextHandler.java:766)
	at org.mortbay.jetty.webapp.WebAppContext.handle(WebAppContext.java:417)
	at org.mortbay.jetty.servlet.Dispatcher.forward(Dispatcher.java:334)
	at org.mortbay.jetty.servlet.Dispatcher.forward(Dispatcher.java:126)
	at org.codehaus.groovy.grails.web.util.WebUtils.forwardRequestForUrlMappingInfo(WebUtils.java:293)
	at org.codehaus.groovy.grails.web.util.WebUtils.forwardRequestForUrlMappingInfo(WebUtils.java:269)
	at org.codehaus.groovy.grails.web.util.WebUtils.forwardRequestForUrlMappingInfo(WebUtils.java:261)
	at org.codehaus.groovy.grails.web.mapping.filter.UrlMappingsFilter.doFilterInternal(UrlMappingsFilter.java:181)
	at org.springframework.web.filter.OncePerRequestFilter.doFilter(OncePerRequestFilter.java:76)
	at org.mortbay.jetty.servlet.ServletHandler$CachedChain.doFilter(ServletHandler.java:1115)
	at org.codehaus.groovy.grails.web.sitemesh.GrailsPageFilter.obtainContent(GrailsPageFilter.java:221)
	at org.codehaus.groovy.grails.web.sitemesh.GrailsPageFilter.doFilter(GrailsPageFilter.java:126)
	at org.mortbay.jetty.servlet.ServletHandler$CachedChain.doFilter(ServletHandler.java:1115)
	at org.springframework.security.util.FilterChainProxy$VirtualFilterChain.doFilter(FilterChainProxy.java:378)
	at org.springframework.security.intercept.web.FilterSecurityInterceptor.invoke(FilterSecurityInterceptor.java:109)
	at org.springframework.security.intercept.web.FilterSecurityInterceptor.doFilter(FilterSecurityInterceptor.java:83)
	at org.springframework.security.util.FilterChainProxy$VirtualFilterChain.doFilter(FilterChainProxy.java:390)
	at org.springframework.security.ui.ExceptionTranslationFilter.doFilterHttp(ExceptionTranslationFilter.java:101)
	at org.springframework.security.ui.SpringSecurityFilter.doFilter(SpringSecurityFilter.java:53)
	at org.springframework.security.util.FilterChainProxy$VirtualFilterChain.doFilter(FilterChainProxy.java:390)
	at org.springframework.security.providers.anonymous.AnonymousProcessingFilter.doFilterHttp(AnonymousProcessingFilter.java:105)
	at org.springframework.security.ui.SpringSecurityFilter.doFilter(SpringSecurityFilter.java:53)
	at org.springframework.security.util.FilterChainProxy$VirtualFilterChain.doFilter(FilterChainProxy.java:390)
	at org.springframework.security.ui.rememberme.RememberMeProcessingFilter.doFilterHttp(RememberMeProcessingFilter.java:109)
	at org.springframework.security.ui.SpringSecurityFilter.doFilter(SpringSecurityFilter.java:53)
	at org.springframework.security.util.FilterChainProxy$VirtualFilterChain.doFilter(FilterChainProxy.java:390)
	at org.springframework.security.wrapper.SecurityContextHolderAwareRequestFilter.doFilterHttp(SecurityContextHolderAwareRequestFilter.java:91)
	at org.springframework.security.ui.SpringSecurityFilter.doFilter(SpringSecurityFilter.java:53)
	at org.springframework.security.util.FilterChainProxy$VirtualFilterChain.doFilter(FilterChainProxy.java:390)
	at org.springframework.security.ui.AbstractProcessingFilter.doFilterHttp(AbstractProcessingFilter.java:277)
	at org.codehaus.groovy.grails.plugins.springsecurity.GrailsAuthenticationProcessingFilter.super$3$doFilterHttp(GrailsAuthenticationProcessingFilter.groovy)
	at sun.reflect.GeneratedMethodAccessor242.invoke(Unknown Source)
	at sun.reflect.DelegatingMethodAccessorImpl.invoke(DelegatingMethodAccessorImpl.java:25)
	at java.lang.reflect.Method.invoke(Method.java:597)
	at org.codehaus.groovy.reflection.CachedMethod.invoke(CachedMethod.java:86)
	at groovy.lang.MetaMethod.doMethodInvoke(MetaMethod.java:234)
	at groovy.lang.MetaClassImpl.invokeMethod(MetaClassImpl.java:1062)
	at groovy.lang.ExpandoMetaClass.invokeMethod(ExpandoMetaClass.java:926)
	at org.codehaus.groovy.runtime.ScriptBytecodeAdapter.invokeMethodOnSuperN(ScriptBytecodeAdapter.java:127)
	at org.codehaus.groovy.grails.plugins.springsecurity.GrailsAuthenticationProcessingFilter.doFilterHttp(GrailsAuthenticationProcessingFilter.groovy:56)
	at org.springframework.security.ui.SpringSecurityFilter.doFilter(SpringSecurityFilter.java:53)
	at org.springframework.security.util.FilterChainProxy$VirtualFilterChain.doFilter(FilterChainProxy.java:390)
	at org.springframework.security.ui.logout.LogoutFilter.doFilterHttp(LogoutFilter.java:89)
	at org.springframework.security.ui.SpringSecurityFilter.doFilter(SpringSecurityFilter.java:53)
	at org.springframework.security.util.FilterChainProxy$VirtualFilterChain.doFilter(FilterChainProxy.java:390)
	at org.springframework.security.context.HttpSessionContextIntegrationFilter.doFilterHttp(HttpSessionContextIntegrationFilter.java:235)
	at org.springframework.security.ui.SpringSecurityFilter.doFilter(SpringSecurityFilter.java:53)
	at org.springframework.security.util.FilterChainProxy$VirtualFilterChain.doFilter(FilterChainProxy.java:390)
	at org.springframework.security.util.FilterChainProxy.doFilter(FilterChainProxy.java:175)
	at org.springframework.web.filter.DelegatingFilterProxy.invokeDelegate(DelegatingFilterProxy.java:236)
	at org.springframework.web.filter.DelegatingFilterProxy.doFilter(DelegatingFilterProxy.java:167)
	at org.mortbay.jetty.servlet.ServletHandler$CachedChain.doFilter(ServletHandler.java:1115)
	at org.codehaus.groovy.grails.web.servlet.filter.GrailsReloadServletFilter.doFilterInternal(GrailsReloadServletFilter.java:101)
	at org.springframework.web.filter.OncePerRequestFilter.doFilter(OncePerRequestFilter.java:76)
	at org.mortbay.jetty.servlet.ServletHandler$CachedChain.doFilter(ServletHandler.java:1115)
	at org.codehaus.groovy.grails.web.servlet.mvc.GrailsWebRequestFilter.doFilterInternal(GrailsWebRequestFilter.java:65)
	at org.springframework.web.filter.OncePerRequestFilter.doFilter(OncePerRequestFilter.java:76)
	at org.mortbay.jetty.servlet.ServletHandler$CachedChain.doFilter(ServletHandler.java:1115)
	at org.springframework.web.filter.CharacterEncodingFilter.doFilterInternal(CharacterEncodingFilter.java:96)
	at org.springframework.web.filter.OncePerRequestFilter.doFilter(OncePerRequestFilter.java:76)
	at org.springframework.web.filter.DelegatingFilterProxy.invokeDelegate(DelegatingFilterProxy.java:236)
	at org.springframework.web.filter.DelegatingFilterProxy.doFilter(DelegatingFilterProxy.java:167)
	at org.mortbay.jetty.servlet.ServletHandler$CachedChain.doFilter(ServletHandler.java:1115)
	at org.mortbay.jetty.servlet.ServletHandler.handle(ServletHandler.java:361)
	at org.mortbay.jetty.security.SecurityHandler.handle(SecurityHandler.java:216)
	at org.mortbay.jetty.servlet.SessionHandler.handle(SessionHandler.java:181)
	at org.mortbay.jetty.handler.ContextHandler.handle(ContextHandler.java:766)
	at org.mortbay.jetty.webapp.WebAppContext.handle(WebAppContext.java:417)
	at org.mortbay.jetty.handler.HandlerWrapper.handle(HandlerWrapper.java:152)
	at org.mortbay.jetty.Server.handle(Server.java:324)
	at org.mortbay.jetty.HttpConnection.handleRequest(HttpConnection.java:534)
	at org.mortbay.jetty.HttpConnection$RequestHandler.headerComplete(HttpConnection.java:864)
	at org.mortbay.jetty.HttpParser.parseNext(HttpParser.java:533)
	at org.mortbay.jetty.HttpParser.parseAvailable(HttpParser.java:207)
	at org.mortbay.jetty.HttpConnection.handle(HttpConnection.java:403)
	at org.mortbay.io.nio.SelectChannelEndPoint.run(SelectChannelEndPoint.java:409)
	at org.mortbay.thread.QueuedThreadPool$PoolThread.run(QueuedThreadPool.java:522)
2010-02-09 08:35:24,309 [1261612259@qtp0-2] ERROR StackTrace  - Sanitizing stacktrace:
org.codehaus.groovy.grails.web.taglib.exceptions.GrailsTagException: Tag [textarea] does not exist. No tag library found for namespace: g
	at Users_es_dev_code_offentligapi_grails_app_views_api_create_gsp.run(Users_es_dev_code_offentligapi_grails_app_views_api_create_gsp:69)
